# Logfile created on 2021-09-18 13:30:02 +0000 by logger.rb/v1.4.2
2021-09-18T13:30:02.722Z: ActiveRecord connection established
2021-09-18T13:30:03.256Z: Checking state of dynamic postgres partitions
2021-09-18T13:30:12.179Z: Checking state of dynamic postgres partitions
2021-09-18T13:30:12.222Z: {:method=>"with_lock_retries", :class=>"Gitlab::Database::Partitioning::PartitionManager", :message=>"Lock timeout is set", :current_iteration=>1, :lock_timeout_in_ms=>100}
2021-09-18T13:30:12.231Z: {:message=>"Created partition", :partition_name=>"audit_events_000000", :table_name=>"audit_events"}
2021-09-18T13:30:12.237Z: {:message=>"Created partition", :partition_name=>"audit_events_202109", :table_name=>"audit_events"}
2021-09-18T13:30:12.243Z: {:message=>"Created partition", :partition_name=>"audit_events_202110", :table_name=>"audit_events"}
2021-09-18T13:30:12.249Z: {:message=>"Created partition", :partition_name=>"audit_events_202111", :table_name=>"audit_events"}
2021-09-18T13:30:12.256Z: {:message=>"Created partition", :partition_name=>"audit_events_202112", :table_name=>"audit_events"}
2021-09-18T13:30:12.262Z: {:message=>"Created partition", :partition_name=>"audit_events_202201", :table_name=>"audit_events"}
2021-09-18T13:30:12.268Z: {:message=>"Created partition", :partition_name=>"audit_events_202202", :table_name=>"audit_events"}
2021-09-18T13:30:12.274Z: {:message=>"Created partition", :partition_name=>"audit_events_202203", :table_name=>"audit_events"}
2021-09-18T13:30:12.275Z: {:method=>"with_lock_retries", :class=>"Gitlab::Database::Partitioning::PartitionManager", :message=>"Migration finished", :current_iteration=>1, :lock_timeout_in_ms=>100}
2021-09-18T13:30:12.303Z: {:method=>"with_lock_retries", :class=>"Gitlab::Database::Partitioning::PartitionManager", :message=>"Lock timeout is set", :current_iteration=>1, :lock_timeout_in_ms=>100}
2021-09-18T13:30:12.310Z: {:message=>"Created partition", :partition_name=>"web_hook_logs_202106", :table_name=>"web_hook_logs"}
2021-09-18T13:30:12.316Z: {:message=>"Created partition", :partition_name=>"web_hook_logs_202107", :table_name=>"web_hook_logs"}
2021-09-18T13:30:12.322Z: {:message=>"Created partition", :partition_name=>"web_hook_logs_202108", :table_name=>"web_hook_logs"}
2021-09-18T13:30:12.327Z: {:message=>"Created partition", :partition_name=>"web_hook_logs_202109", :table_name=>"web_hook_logs"}
2021-09-18T13:30:12.333Z: {:message=>"Created partition", :partition_name=>"web_hook_logs_202110", :table_name=>"web_hook_logs"}
2021-09-18T13:30:12.339Z: {:message=>"Created partition", :partition_name=>"web_hook_logs_202111", :table_name=>"web_hook_logs"}
2021-09-18T13:30:12.345Z: {:message=>"Created partition", :partition_name=>"web_hook_logs_202112", :table_name=>"web_hook_logs"}
2021-09-18T13:30:12.351Z: {:message=>"Created partition", :partition_name=>"web_hook_logs_202201", :table_name=>"web_hook_logs"}
2021-09-18T13:30:12.357Z: {:message=>"Created partition", :partition_name=>"web_hook_logs_202202", :table_name=>"web_hook_logs"}
2021-09-18T13:30:12.363Z: {:message=>"Created partition", :partition_name=>"web_hook_logs_202203", :table_name=>"web_hook_logs"}
2021-09-18T13:30:12.364Z: {:method=>"with_lock_retries", :class=>"Gitlab::Database::Partitioning::PartitionManager", :message=>"Migration finished", :current_iteration=>1, :lock_timeout_in_ms=>100}
2021-09-18T13:30:12.391Z: {:method=>"with_lock_retries", :class=>"Gitlab::Database::Partitioning::PartitionManager", :message=>"Lock timeout is set", :current_iteration=>1, :lock_timeout_in_ms=>100}
2021-09-18T13:30:12.398Z: {:message=>"Created partition", :partition_name=>"incident_management_pending_alert_escalations_000000", :table_name=>"incident_management_pending_alert_escalations"}
2021-09-18T13:30:12.404Z: {:message=>"Created partition", :partition_name=>"incident_management_pending_alert_escalations_202109", :table_name=>"incident_management_pending_alert_escalations"}
2021-09-18T13:30:12.411Z: {:message=>"Created partition", :partition_name=>"incident_management_pending_alert_escalations_202110", :table_name=>"incident_management_pending_alert_escalations"}
2021-09-18T13:30:12.417Z: {:message=>"Created partition", :partition_name=>"incident_management_pending_alert_escalations_202111", :table_name=>"incident_management_pending_alert_escalations"}
2021-09-18T13:30:12.425Z: {:message=>"Created partition", :partition_name=>"incident_management_pending_alert_escalations_202112", :table_name=>"incident_management_pending_alert_escalations"}
2021-09-18T13:30:12.436Z: {:message=>"Created partition", :partition_name=>"incident_management_pending_alert_escalations_202201", :table_name=>"incident_management_pending_alert_escalations"}
2021-09-18T13:30:12.447Z: {:message=>"Created partition", :partition_name=>"incident_management_pending_alert_escalations_202202", :table_name=>"incident_management_pending_alert_escalations"}
2021-09-18T13:30:12.454Z: {:message=>"Created partition", :partition_name=>"incident_management_pending_alert_escalations_202203", :table_name=>"incident_management_pending_alert_escalations"}
2021-09-18T13:30:12.455Z: {:method=>"with_lock_retries", :class=>"Gitlab::Database::Partitioning::PartitionManager", :message=>"Migration finished", :current_iteration=>1, :lock_timeout_in_ms=>100}
2021-09-18T13:30:13.471Z: User "Administrator" (admin@example.com) was created
2021-09-18T13:30:13.868Z: Group "GitLab Instance" was created
2021-09-18T13:30:14.610Z: GitLab Instance created a new project "GitLab Instance / Monitoring"
2021-09-18T13:30:14.741Z: `AuthorizedProjectUpdate::ProjectCreateWorker.perform_async` cannot be called inside a transaction as this can lead to
race conditions when the worker runs before the transaction is committed and
tries to access a model that has not been saved yet.

Use an `after_commit` hook, or include `AfterCommitQueue` and use a `run_after_commit` block instead.

2021-09-18T13:30:14.753Z: `Projects::PostCreationWorker.perform_async` cannot be called inside a transaction as this can lead to
race conditions when the worker runs before the transaction is committed and
tries to access a model that has not been saved yet.

Use an `after_commit` hook, or include `AfterCommitQueue` and use a `run_after_commit` block instead.

2021-09-18T13:30:15.207Z: Cannot obtain an exclusive lease. There must be another instance already in execution.
2021-09-18T13:30:32.966Z: ActiveRecord connection established
2021-09-18T13:30:34.014Z: Checking state of dynamic postgres partitions
2021-09-18T13:30:59.740Z: Checking state of dynamic postgres partitions
2021-09-18T13:31:06.266Z: Checking state of dynamic postgres partitions
2021-09-18T13:31:34.658Z: ActiveRecord connection disconnected
2021-09-18T13:31:35.167Z: ActiveRecord connection established
2021-09-18T13:31:35.231Z: ActiveRecord connection established
2021-09-18T13:31:35.253Z: ActiveRecord connection established
2021-09-18T13:31:35.284Z: ActiveRecord connection established
2021-09-18T13:31:35.314Z: ActiveRecord connection established
2021-09-18T13:31:35.327Z: ActiveRecord connection established
2021-09-18T13:31:50.481Z: ActiveRecord connection established
2021-09-18T13:31:51.506Z: Checking state of dynamic postgres partitions
2021-09-18T13:32:41.200Z: ActiveRecord connection established
2021-09-18T13:32:42.256Z: Checking state of dynamic postgres partitions
