# Logfile created on 2021-09-18 13:30:02 +0000 by logger.rb/v1.4.2
{"severity":"DEBUG","time":"2021-09-18T13:30:02.722Z","correlation_id":null,"message":"ActiveRecord connection established"}
{"severity":"INFO","time":"2021-09-18T13:30:03.256Z","correlation_id":null,"message":"Checking state of dynamic postgres partitions"}
{"severity":"INFO","time":"2021-09-18T13:30:12.179Z","correlation_id":null,"message":"Checking state of dynamic postgres partitions"}
{"severity":"INFO","time":"2021-09-18T13:30:12.222Z","correlation_id":null,"method":"with_lock_retries","class":"Gitlab::Database::Partitioning::PartitionManager","message":"Lock timeout is set","current_iteration":1,"lock_timeout_in_ms":100}
{"severity":"INFO","time":"2021-09-18T13:30:12.231Z","correlation_id":null,"message":"Created partition","partition_name":"audit_events_000000","table_name":"audit_events"}
{"severity":"INFO","time":"2021-09-18T13:30:12.238Z","correlation_id":null,"message":"Created partition","partition_name":"audit_events_202109","table_name":"audit_events"}
{"severity":"INFO","time":"2021-09-18T13:30:12.244Z","correlation_id":null,"message":"Created partition","partition_name":"audit_events_202110","table_name":"audit_events"}
{"severity":"INFO","time":"2021-09-18T13:30:12.249Z","correlation_id":null,"message":"Created partition","partition_name":"audit_events_202111","table_name":"audit_events"}
{"severity":"INFO","time":"2021-09-18T13:30:12.256Z","correlation_id":null,"message":"Created partition","partition_name":"audit_events_202112","table_name":"audit_events"}
{"severity":"INFO","time":"2021-09-18T13:30:12.263Z","correlation_id":null,"message":"Created partition","partition_name":"audit_events_202201","table_name":"audit_events"}
{"severity":"INFO","time":"2021-09-18T13:30:12.268Z","correlation_id":null,"message":"Created partition","partition_name":"audit_events_202202","table_name":"audit_events"}
{"severity":"INFO","time":"2021-09-18T13:30:12.274Z","correlation_id":null,"message":"Created partition","partition_name":"audit_events_202203","table_name":"audit_events"}
{"severity":"INFO","time":"2021-09-18T13:30:12.275Z","correlation_id":null,"method":"with_lock_retries","class":"Gitlab::Database::Partitioning::PartitionManager","message":"Migration finished","current_iteration":1,"lock_timeout_in_ms":100}
{"severity":"INFO","time":"2021-09-18T13:30:12.303Z","correlation_id":null,"method":"with_lock_retries","class":"Gitlab::Database::Partitioning::PartitionManager","message":"Lock timeout is set","current_iteration":1,"lock_timeout_in_ms":100}
{"severity":"INFO","time":"2021-09-18T13:30:12.310Z","correlation_id":null,"message":"Created partition","partition_name":"web_hook_logs_202106","table_name":"web_hook_logs"}
{"severity":"INFO","time":"2021-09-18T13:30:12.316Z","correlation_id":null,"message":"Created partition","partition_name":"web_hook_logs_202107","table_name":"web_hook_logs"}
{"severity":"INFO","time":"2021-09-18T13:30:12.322Z","correlation_id":null,"message":"Created partition","partition_name":"web_hook_logs_202108","table_name":"web_hook_logs"}
{"severity":"INFO","time":"2021-09-18T13:30:12.327Z","correlation_id":null,"message":"Created partition","partition_name":"web_hook_logs_202109","table_name":"web_hook_logs"}
{"severity":"INFO","time":"2021-09-18T13:30:12.333Z","correlation_id":null,"message":"Created partition","partition_name":"web_hook_logs_202110","table_name":"web_hook_logs"}
{"severity":"INFO","time":"2021-09-18T13:30:12.339Z","correlation_id":null,"message":"Created partition","partition_name":"web_hook_logs_202111","table_name":"web_hook_logs"}
{"severity":"INFO","time":"2021-09-18T13:30:12.345Z","correlation_id":null,"message":"Created partition","partition_name":"web_hook_logs_202112","table_name":"web_hook_logs"}
{"severity":"INFO","time":"2021-09-18T13:30:12.351Z","correlation_id":null,"message":"Created partition","partition_name":"web_hook_logs_202201","table_name":"web_hook_logs"}
{"severity":"INFO","time":"2021-09-18T13:30:12.358Z","correlation_id":null,"message":"Created partition","partition_name":"web_hook_logs_202202","table_name":"web_hook_logs"}
{"severity":"INFO","time":"2021-09-18T13:30:12.363Z","correlation_id":null,"message":"Created partition","partition_name":"web_hook_logs_202203","table_name":"web_hook_logs"}
{"severity":"INFO","time":"2021-09-18T13:30:12.364Z","correlation_id":null,"method":"with_lock_retries","class":"Gitlab::Database::Partitioning::PartitionManager","message":"Migration finished","current_iteration":1,"lock_timeout_in_ms":100}
{"severity":"INFO","time":"2021-09-18T13:30:12.391Z","correlation_id":null,"method":"with_lock_retries","class":"Gitlab::Database::Partitioning::PartitionManager","message":"Lock timeout is set","current_iteration":1,"lock_timeout_in_ms":100}
{"severity":"INFO","time":"2021-09-18T13:30:12.399Z","correlation_id":null,"message":"Created partition","partition_name":"incident_management_pending_alert_escalations_000000","table_name":"incident_management_pending_alert_escalations"}
{"severity":"INFO","time":"2021-09-18T13:30:12.405Z","correlation_id":null,"message":"Created partition","partition_name":"incident_management_pending_alert_escalations_202109","table_name":"incident_management_pending_alert_escalations"}
{"severity":"INFO","time":"2021-09-18T13:30:12.411Z","correlation_id":null,"message":"Created partition","partition_name":"incident_management_pending_alert_escalations_202110","table_name":"incident_management_pending_alert_escalations"}
{"severity":"INFO","time":"2021-09-18T13:30:12.417Z","correlation_id":null,"message":"Created partition","partition_name":"incident_management_pending_alert_escalations_202111","table_name":"incident_management_pending_alert_escalations"}
{"severity":"INFO","time":"2021-09-18T13:30:12.425Z","correlation_id":null,"message":"Created partition","partition_name":"incident_management_pending_alert_escalations_202112","table_name":"incident_management_pending_alert_escalations"}
{"severity":"INFO","time":"2021-09-18T13:30:12.436Z","correlation_id":null,"message":"Created partition","partition_name":"incident_management_pending_alert_escalations_202201","table_name":"incident_management_pending_alert_escalations"}
{"severity":"INFO","time":"2021-09-18T13:30:12.447Z","correlation_id":null,"message":"Created partition","partition_name":"incident_management_pending_alert_escalations_202202","table_name":"incident_management_pending_alert_escalations"}
{"severity":"INFO","time":"2021-09-18T13:30:12.454Z","correlation_id":null,"message":"Created partition","partition_name":"incident_management_pending_alert_escalations_202203","table_name":"incident_management_pending_alert_escalations"}
{"severity":"INFO","time":"2021-09-18T13:30:12.455Z","correlation_id":null,"method":"with_lock_retries","class":"Gitlab::Database::Partitioning::PartitionManager","message":"Migration finished","current_iteration":1,"lock_timeout_in_ms":100}
{"severity":"INFO","time":"2021-09-18T13:30:13.471Z","correlation_id":null,"message":"User \"Administrator\" (admin@example.com) was created"}
{"severity":"INFO","time":"2021-09-18T13:30:13.868Z","correlation_id":null,"message":"Group \"GitLab Instance\" was created"}
{"severity":"INFO","time":"2021-09-18T13:30:14.611Z","correlation_id":"db114ad17ac70da8689ccd04f479d3e6","message":"GitLab Instance created a new project \"GitLab Instance / Monitoring\""}
{"severity":"ERROR","time":"2021-09-18T13:30:14.741Z","correlation_id":"db114ad17ac70da8689ccd04f479d3e6","message":"`AuthorizedProjectUpdate::ProjectCreateWorker.perform_async` cannot be called inside a transaction as this can lead to\nrace conditions when the worker runs before the transaction is committed and\ntries to access a model that has not been saved yet.\n\nUse an `after_commit` hook, or include `AfterCommitQueue` and use a `run_after_commit` block instead.\n"}
{"severity":"ERROR","time":"2021-09-18T13:30:14.753Z","correlation_id":"db114ad17ac70da8689ccd04f479d3e6","message":"`Projects::PostCreationWorker.perform_async` cannot be called inside a transaction as this can lead to\nrace conditions when the worker runs before the transaction is committed and\ntries to access a model that has not been saved yet.\n\nUse an `after_commit` hook, or include `AfterCommitQueue` and use a `run_after_commit` block instead.\n"}
{"severity":"INFO","time":"2021-09-18T13:30:15.187Z","correlation_id":null,"message":"running inline","class":"AuthorizedProjectsWorker","job_status":"running","queue":"authorized_projects","jid":null}
{"severity":"INFO","time":"2021-09-18T13:30:15.205Z","correlation_id":null,"event":"authorized_projects_refresh","user_id":1,"authorized_projects_refresh.source":"AuthorizedProjectsWorker","authorized_projects_refresh.rows_deleted_count":0,"authorized_projects_refresh.rows_added_count":0,"authorized_projects_refresh.rows_deleted_slice":[],"authorized_projects_refresh.rows_added_slice":[]}
{"severity":"ERROR","time":"2021-09-18T13:30:15.208Z","correlation_id":null,"message":"Cannot obtain an exclusive lease. There must be another instance already in execution."}
{"severity":"DEBUG","time":"2021-09-18T13:30:32.966Z","correlation_id":null,"message":"ActiveRecord connection established"}
{"severity":"INFO","time":"2021-09-18T13:30:34.014Z","correlation_id":null,"message":"Checking state of dynamic postgres partitions"}
{"severity":"INFO","time":"2021-09-18T13:30:59.740Z","correlation_id":null,"message":"Checking state of dynamic postgres partitions"}
{"severity":"INFO","time":"2021-09-18T13:31:06.266Z","correlation_id":null,"message":"Checking state of dynamic postgres partitions"}
{"severity":"DEBUG","time":"2021-09-18T13:31:34.659Z","correlation_id":null,"message":"ActiveRecord connection disconnected"}
{"severity":"DEBUG","time":"2021-09-18T13:31:35.167Z","correlation_id":null,"message":"ActiveRecord connection established"}
{"severity":"DEBUG","time":"2021-09-18T13:31:35.231Z","correlation_id":null,"message":"ActiveRecord connection established"}
{"severity":"DEBUG","time":"2021-09-18T13:31:35.253Z","correlation_id":null,"message":"ActiveRecord connection established"}
{"severity":"DEBUG","time":"2021-09-18T13:31:35.284Z","correlation_id":null,"message":"ActiveRecord connection established"}
{"severity":"DEBUG","time":"2021-09-18T13:31:35.315Z","correlation_id":null,"message":"ActiveRecord connection established"}
{"severity":"DEBUG","time":"2021-09-18T13:31:35.327Z","correlation_id":null,"message":"ActiveRecord connection established"}
{"severity":"DEBUG","time":"2021-09-18T13:31:50.481Z","correlation_id":null,"message":"ActiveRecord connection established"}
{"severity":"INFO","time":"2021-09-18T13:31:51.506Z","correlation_id":null,"message":"Checking state of dynamic postgres partitions"}
{"severity":"DEBUG","time":"2021-09-18T13:32:41.200Z","correlation_id":null,"message":"ActiveRecord connection established"}
{"severity":"INFO","time":"2021-09-18T13:32:42.257Z","correlation_id":null,"message":"Checking state of dynamic postgres partitions"}
