Creating scope :group_view_details. Overwriting existing method User.group_view_details.
Raven 3.1.2 configured not to capture errors: DSN not set
Creating scope :without_statuses. Overwriting existing method CommitStatus.without_statuses.
Creating scope :without_statuses. Overwriting existing method Ci::Pipeline.without_statuses.
Creating scope :in_pipelines. Overwriting existing method Ci::Build.in_pipelines.
Creating scope :of_projects. Overwriting existing method MergeRequest.of_projects.
Creating scope :join_project. Overwriting existing method MergeRequest.join_project.
Creating scope :references_project. Overwriting existing method MergeRequest.references_project.
Creating scope :system. Overwriting existing method Note.system.
Creating scope :closed. Overwriting existing method Iteration.closed.
Creating scope :within_timeframe. Overwriting existing method Iteration.within_timeframe.
Creating scope :opened. Overwriting existing method Epic.opened.
Creating scope :closed. Overwriting existing method Epic.closed.
Creating scope :order_created_desc. Overwriting existing method Packages::Package.order_created_desc.
Creating scope :order_name_desc. Overwriting existing method Packages::Package.order_name_desc.
Creating scope :order_name_asc. Overwriting existing method Member.order_name_asc.
Creating scope :order_name_desc. Overwriting existing method Member.order_name_desc.
Creating scope :with_user. Overwriting existing method GroupMember.with_user.
Creating scope :reporters. Overwriting existing method GroupMember.reporters.
Creating scope :guests. Overwriting existing method GroupMember.guests.
Creating scope :extended. Overwriting existing method GitlabSubscription.extended.
Creating scope :order_name_asc. Overwriting existing method Label.order_name_asc.
Creating scope :order_name_desc. Overwriting existing method Label.order_name_desc.
Creating scope :open. Overwriting existing method AlertManagement::Alert.open.
[ActiveJob] Enqueued ActionMailer::MailDeliveryJob (Job ID: ff39596e-1f38-4471-879c-d6478444ed89) to Sidekiq(mailers) with arguments: "Notify", "member_access_granted_email", "deliver_now", {:args=>["Group", 1]}
Creating scope :system. Overwriting existing method Gitlab::DatabaseImporters::CommonMetrics::PrometheusMetric.system.
Creating scope :group_view_details. Overwriting existing method User.group_view_details.
Raven 3.1.2 configured not to capture errors: DSN not set
Creating scope :without_statuses. Overwriting existing method CommitStatus.without_statuses.
Creating scope :without_statuses. Overwriting existing method Ci::Pipeline.without_statuses.
Creating scope :in_pipelines. Overwriting existing method Ci::Build.in_pipelines.
Creating scope :of_projects. Overwriting existing method MergeRequest.of_projects.
Creating scope :join_project. Overwriting existing method MergeRequest.join_project.
Creating scope :references_project. Overwriting existing method MergeRequest.references_project.
Creating scope :system. Overwriting existing method Note.system.
Creating scope :closed. Overwriting existing method Iteration.closed.
Creating scope :within_timeframe. Overwriting existing method Iteration.within_timeframe.
Creating scope :opened. Overwriting existing method Epic.opened.
Creating scope :closed. Overwriting existing method Epic.closed.
Creating scope :order_created_desc. Overwriting existing method Packages::Package.order_created_desc.
Creating scope :order_name_desc. Overwriting existing method Packages::Package.order_name_desc.
Creating scope :group_view_details. Overwriting existing method User.group_view_details.
Raven 3.1.2 configured not to capture errors: DSN not set
Creating scope :of_projects. Overwriting existing method MergeRequest.of_projects.
Creating scope :join_project. Overwriting existing method MergeRequest.join_project.
Creating scope :references_project. Overwriting existing method MergeRequest.references_project.
Creating scope :system. Overwriting existing method Note.system.
Creating scope :verification_succeeded. Overwriting existing method MergeRequestDiff.verification_succeeded.
Creating scope :verification_failed. Overwriting existing method MergeRequestDiff.verification_failed.
Creating scope :available_replicables. Overwriting existing method MergeRequestDiff.available_replicables.
Creating scope :with_verification_state. Overwriting existing method MergeRequestDiff.with_verification_state.
Creating scope :checksummed. Overwriting existing method MergeRequestDiff.checksummed.
Creating scope :not_checksummed. Overwriting existing method MergeRequestDiff.not_checksummed.
Creating scope :without_statuses. Overwriting existing method CommitStatus.without_statuses.
Creating scope :without_statuses. Overwriting existing method Ci::Pipeline.without_statuses.
Creating scope :in_pipelines. Overwriting existing method Ci::Build.in_pipelines.
Creating scope :closed. Overwriting existing method Iteration.closed.
Creating scope :within_timeframe. Overwriting existing method Iteration.within_timeframe.
Creating scope :opened. Overwriting existing method Epic.opened.
Creating scope :closed. Overwriting existing method Epic.closed.
Creating scope :order_created_desc. Overwriting existing method Packages::Package.order_created_desc.
Creating scope :order_name_desc. Overwriting existing method Packages::Package.order_name_desc.
Creating scope :open. Overwriting existing method AlertManagement::Alert.open.
Creating scope :with_associations. Overwriting existing method Board.with_associations.
Creating scope :movable. Overwriting existing method Boards::EpicList.movable.
Creating scope :group_view_details. Overwriting existing method User.group_view_details.
Creating scope :verification_succeeded. Overwriting existing method Packages::PackageFile.verification_succeeded.
Creating scope :verification_failed. Overwriting existing method Packages::PackageFile.verification_failed.
Creating scope :order_name_asc. Overwriting existing method Label.order_name_asc.
Creating scope :order_name_desc. Overwriting existing method Label.order_name_desc.
Raven 3.1.2 configured not to capture errors: DSN not set
Creating scope :verification_succeeded. Overwriting existing method MergeRequestDiff.verification_succeeded.
Creating scope :verification_failed. Overwriting existing method MergeRequestDiff.verification_failed.
Creating scope :available_replicables. Overwriting existing method MergeRequestDiff.available_replicables.
Creating scope :with_verification_state. Overwriting existing method MergeRequestDiff.with_verification_state.
Creating scope :checksummed. Overwriting existing method MergeRequestDiff.checksummed.
Creating scope :not_checksummed. Overwriting existing method MergeRequestDiff.not_checksummed.
Creating scope :verification_succeeded. Overwriting existing method Packages::PackageFile.verification_succeeded.
Creating scope :verification_failed. Overwriting existing method Packages::PackageFile.verification_failed.
Creating scope :verification_succeeded. Overwriting existing method Ci::PipelineArtifact.verification_succeeded.
Creating scope :verification_failed. Overwriting existing method Ci::PipelineArtifact.verification_failed.
Creating scope :verification_succeeded. Overwriting existing method Terraform::StateVersion.verification_succeeded.
Creating scope :verification_failed. Overwriting existing method Terraform::StateVersion.verification_failed.
Creating scope :verification_succeeded. Overwriting existing method SnippetRepository.verification_succeeded.
Creating scope :verification_failed. Overwriting existing method SnippetRepository.verification_failed.
Creating scope :with_logging_info. Overwriting existing method PagesDomain.with_logging_info.
Creating scope :open. Overwriting existing method ExternalPullRequest.open.
Creating scope :verification_succeeded. Overwriting existing method SnippetRepository.verification_succeeded.
Creating scope :verification_failed. Overwriting existing method SnippetRepository.verification_failed.
Creating scope :system. Overwriting existing method PrometheusMetric.system.
Creating scope :order_name_asc. Overwriting existing method Member.order_name_asc.
Creating scope :order_name_desc. Overwriting existing method Member.order_name_desc.
Creating scope :with_user. Overwriting existing method GroupMember.with_user.
Creating scope :reporters. Overwriting existing method GroupMember.reporters.
Creating scope :guests. Overwriting existing method GroupMember.guests.
Creating scope :extended. Overwriting existing method GitlabSubscription.extended.
Creating scope :without_statuses. Overwriting existing method Ci::Stage.without_statuses.
Creating scope :created. Overwriting existing method Ci::Stage.created.
Creating scope :pending. Overwriting existing method Ci::Stage.pending.
Creating scope :running. Overwriting existing method Ci::Stage.running.
Creating scope :success. Overwriting existing method Ci::Stage.success.
Creating scope :failed. Overwriting existing method Ci::Stage.failed.
Creating scope :canceled. Overwriting existing method Ci::Stage.canceled.
Creating scope :skipped. Overwriting existing method Ci::Stage.skipped.
Creating scope :manual. Overwriting existing method Ci::Stage.manual.
Creating scope :scheduled. Overwriting existing method Ci::Stage.scheduled.
Creating scope :preparing. Overwriting existing method Ci::Stage.preparing.
Creating scope :waiting_for_resource. Overwriting existing method Ci::Stage.waiting_for_resource.
Creating scope :verification_succeeded. Overwriting existing method Ci::PipelineArtifact.verification_succeeded.
Creating scope :verification_failed. Overwriting existing method Ci::PipelineArtifact.verification_failed.
Creating scope :verification_succeeded. Overwriting existing method Terraform::StateVersion.verification_succeeded.
Creating scope :verification_failed. Overwriting existing method Terraform::StateVersion.verification_failed.
Creating scope :of_projects. Overwriting existing method MergeRequest.of_projects.
Creating scope :join_project. Overwriting existing method MergeRequest.join_project.
Creating scope :references_project. Overwriting existing method MergeRequest.references_project.
Creating scope :system. Overwriting existing method Note.system.
Creating scope :runnable_schedules. Overwriting existing method Security::OrchestrationPolicyRuleSchedule.runnable_schedules.
Creating scope :without_statuses. Overwriting existing method CommitStatus.without_statuses.
Creating scope :without_statuses. Overwriting existing method Ci::Pipeline.without_statuses.
Creating scope :in_pipelines. Overwriting existing method Ci::Build.in_pipelines.
Creating scope :closed. Overwriting existing method Iteration.closed.
Creating scope :within_timeframe. Overwriting existing method Iteration.within_timeframe.
Creating scope :opened. Overwriting existing method Epic.opened.
Creating scope :closed. Overwriting existing method Epic.closed.
Creating scope :order_created_desc. Overwriting existing method Packages::Package.order_created_desc.
Creating scope :order_name_desc. Overwriting existing method Packages::Package.order_name_desc.
Creating scope :regular. Overwriting existing method EE::Gitlab::BackgroundMigration::MigrateApproverToApprovalRules::ApprovalMergeRequestRule.regular.
Creating scope :code_owner. Overwriting existing method EE::Gitlab::BackgroundMigration::MigrateApproverToApprovalRules::ApprovalMergeRequestRule.code_owner.
Creating scope :system. Overwriting existing method Gitlab::DatabaseImporters::CommonMetrics::PrometheusMetric.system.
Creating scope :open. Overwriting existing method AlertManagement::Alert.open.
Creating scope :with_associations. Overwriting existing method Board.with_associations.
Creating scope :movable. Overwriting existing method Boards::EpicList.movable.
Creating scope :order_name_asc. Overwriting existing method Label.order_name_asc.
Creating scope :order_name_desc. Overwriting existing method Label.order_name_desc.
Creating scope :with_logging_info. Overwriting existing method PagesDomain.with_logging_info.
Creating scope :open. Overwriting existing method ExternalPullRequest.open.
Creating scope :system. Overwriting existing method PrometheusMetric.system.
Creating scope :order_name_asc. Overwriting existing method Member.order_name_asc.
Creating scope :order_name_desc. Overwriting existing method Member.order_name_desc.
Creating scope :with_user. Overwriting existing method GroupMember.with_user.
Creating scope :reporters. Overwriting existing method GroupMember.reporters.
Creating scope :guests. Overwriting existing method GroupMember.guests.
Creating scope :extended. Overwriting existing method GitlabSubscription.extended.
Creating scope :without_statuses. Overwriting existing method Ci::Stage.without_statuses.
Creating scope :created. Overwriting existing method Ci::Stage.created.
Creating scope :pending. Overwriting existing method Ci::Stage.pending.
Creating scope :running. Overwriting existing method Ci::Stage.running.
Creating scope :success. Overwriting existing method Ci::Stage.success.
Creating scope :failed. Overwriting existing method Ci::Stage.failed.
Creating scope :canceled. Overwriting existing method Ci::Stage.canceled.
Creating scope :skipped. Overwriting existing method Ci::Stage.skipped.
Creating scope :manual. Overwriting existing method Ci::Stage.manual.
Creating scope :scheduled. Overwriting existing method Ci::Stage.scheduled.
Creating scope :preparing. Overwriting existing method Ci::Stage.preparing.
Creating scope :waiting_for_resource. Overwriting existing method Ci::Stage.waiting_for_resource.
Creating scope :runnable_schedules. Overwriting existing method Security::OrchestrationPolicyRuleSchedule.runnable_schedules.
Creating scope :regular. Overwriting existing method EE::Gitlab::BackgroundMigration::MigrateApproverToApprovalRules::ApprovalMergeRequestRule.regular.
Creating scope :code_owner. Overwriting existing method EE::Gitlab::BackgroundMigration::MigrateApproverToApprovalRules::ApprovalMergeRequestRule.code_owner.
Creating scope :system. Overwriting existing method Gitlab::DatabaseImporters::CommonMetrics::PrometheusMetric.system.
Started GET "/" for  at 2021-09-18 13:31:30 +0000
Processing by RootController#index as HTML
Redirected to http://example.org/users/sign_in
Filter chain halted as :redirect_unlogged_user rendered or redirected
Completed 302 Found in 44ms (ActiveRecord: 6.8ms | Elasticsearch: 0.0ms | Allocations: 11358)
[ActiveJob] [ActionMailer::MailDeliveryJob] [ff39596e-1f38-4471-879c-d6478444ed89] Performing ActionMailer::MailDeliveryJob (Job ID: ff39596e-1f38-4471-879c-d6478444ed89) from Sidekiq(mailers) enqueued at 2021-09-18T13:30:15Z with arguments: "Notify", "member_access_granted_email", "deliver_now", {:args=>["Group", 1]}
[ActiveJob] [ActionMailer::MailDeliveryJob] [ff39596e-1f38-4471-879c-d6478444ed89]   Rendered layout layouts/mailer.html.haml (Duration: 163.3ms | Allocations: 59474)
[ActiveJob] [ActionMailer::MailDeliveryJob] [ff39596e-1f38-4471-879c-d6478444ed89]   Rendered layout layouts/mailer.text.erb (Duration: 4.7ms | Allocations: 1821)
[ActiveJob] [ActionMailer::MailDeliveryJob] [ff39596e-1f38-4471-879c-d6478444ed89] Delivered mail 6145ea39c10be_35f2adc86412e@5a2c15020895.mail (6.3ms)
[ActiveJob] [ActionMailer::MailDeliveryJob] [ff39596e-1f38-4471-879c-d6478444ed89] Performed ActionMailer::MailDeliveryJob (Job ID: ff39596e-1f38-4471-879c-d6478444ed89) from Sidekiq(mailers) in 478.21ms
Started GET "/-/metrics" for 127.0.0.1 at 2021-09-18 13:31:46 +0000
Processing by MetricsController#index as HTML
Completed 200 OK in 20ms (Views: 13.6ms | ActiveRecord: 2.5ms | Elasticsearch: 0.0ms | Allocations: 4604)
Creating scope :group_view_details. Overwriting existing method User.group_view_details.
Raven 3.1.2 configured not to capture errors: DSN not set
Creating scope :without_statuses. Overwriting existing method CommitStatus.without_statuses.
Creating scope :without_statuses. Overwriting existing method Ci::Pipeline.without_statuses.
Creating scope :in_pipelines. Overwriting existing method Ci::Build.in_pipelines.
Creating scope :of_projects. Overwriting existing method MergeRequest.of_projects.
Creating scope :join_project. Overwriting existing method MergeRequest.join_project.
Creating scope :references_project. Overwriting existing method MergeRequest.references_project.
Creating scope :system. Overwriting existing method Note.system.
Creating scope :closed. Overwriting existing method Iteration.closed.
Creating scope :within_timeframe. Overwriting existing method Iteration.within_timeframe.
Creating scope :opened. Overwriting existing method Epic.opened.
Creating scope :closed. Overwriting existing method Epic.closed.
Creating scope :order_created_desc. Overwriting existing method Packages::Package.order_created_desc.
Creating scope :order_name_desc. Overwriting existing method Packages::Package.order_name_desc.
Creating scope :open. Overwriting existing method AlertManagement::Alert.open.
Creating scope :with_associations. Overwriting existing method Board.with_associations.
Creating scope :movable. Overwriting existing method Boards::EpicList.movable.
Creating scope :verification_succeeded. Overwriting existing method Packages::PackageFile.verification_succeeded.
Creating scope :verification_failed. Overwriting existing method Packages::PackageFile.verification_failed.
Creating scope :order_name_asc. Overwriting existing method Label.order_name_asc.
Creating scope :order_name_desc. Overwriting existing method Label.order_name_desc.
Started GET "/help" for 127.0.0.1 at 2021-09-18 13:31:56 +0000
Processing by HelpController#index as */*
  Rendered layout layouts/help.html.haml (Duration: 429.0ms | Allocations: 424294)
Completed 200 OK in 438ms (Views: 431.9ms | ActiveRecord: 25.5ms | Elasticsearch: 0.0ms | Allocations: 427529)
Creating scope :with_logging_info. Overwriting existing method PagesDomain.with_logging_info.
Creating scope :open. Overwriting existing method ExternalPullRequest.open.
Creating scope :verification_succeeded. Overwriting existing method SnippetRepository.verification_succeeded.
Creating scope :verification_failed. Overwriting existing method SnippetRepository.verification_failed.
Creating scope :system. Overwriting existing method PrometheusMetric.system.
Creating scope :verification_succeeded. Overwriting existing method MergeRequestDiff.verification_succeeded.
Creating scope :verification_failed. Overwriting existing method MergeRequestDiff.verification_failed.
Creating scope :available_replicables. Overwriting existing method MergeRequestDiff.available_replicables.
Creating scope :with_verification_state. Overwriting existing method MergeRequestDiff.with_verification_state.
Creating scope :checksummed. Overwriting existing method MergeRequestDiff.checksummed.
Creating scope :not_checksummed. Overwriting existing method MergeRequestDiff.not_checksummed.
Creating scope :order_name_asc. Overwriting existing method Member.order_name_asc.
Creating scope :order_name_desc. Overwriting existing method Member.order_name_desc.
Creating scope :with_user. Overwriting existing method GroupMember.with_user.
Creating scope :reporters. Overwriting existing method GroupMember.reporters.
Creating scope :guests. Overwriting existing method GroupMember.guests.
Creating scope :extended. Overwriting existing method GitlabSubscription.extended.
Creating scope :without_statuses. Overwriting existing method Ci::Stage.without_statuses.
Creating scope :created. Overwriting existing method Ci::Stage.created.
Creating scope :pending. Overwriting existing method Ci::Stage.pending.
Creating scope :running. Overwriting existing method Ci::Stage.running.
Creating scope :success. Overwriting existing method Ci::Stage.success.
Creating scope :failed. Overwriting existing method Ci::Stage.failed.
Creating scope :canceled. Overwriting existing method Ci::Stage.canceled.
Creating scope :skipped. Overwriting existing method Ci::Stage.skipped.
Creating scope :manual. Overwriting existing method Ci::Stage.manual.
Creating scope :scheduled. Overwriting existing method Ci::Stage.scheduled.
Creating scope :preparing. Overwriting existing method Ci::Stage.preparing.
Creating scope :waiting_for_resource. Overwriting existing method Ci::Stage.waiting_for_resource.
Creating scope :verification_succeeded. Overwriting existing method Ci::PipelineArtifact.verification_succeeded.
Creating scope :verification_failed. Overwriting existing method Ci::PipelineArtifact.verification_failed.
Creating scope :verification_succeeded. Overwriting existing method Terraform::StateVersion.verification_succeeded.
Creating scope :verification_failed. Overwriting existing method Terraform::StateVersion.verification_failed.
Creating scope :runnable_schedules. Overwriting existing method Security::OrchestrationPolicyRuleSchedule.runnable_schedules.
Started GET "/-/metrics" for 127.0.0.1 at 2021-09-18 13:32:01 +0000
Processing by MetricsController#index as HTML
Completed 200 OK in 16ms (Views: 10.7ms | ActiveRecord: 2.0ms | Elasticsearch: 0.0ms | Allocations: 3730)
Creating scope :regular. Overwriting existing method EE::Gitlab::BackgroundMigration::MigrateApproverToApprovalRules::ApprovalMergeRequestRule.regular.
Creating scope :code_owner. Overwriting existing method EE::Gitlab::BackgroundMigration::MigrateApproverToApprovalRules::ApprovalMergeRequestRule.code_owner.
Creating scope :system. Overwriting existing method Gitlab::DatabaseImporters::CommonMetrics::PrometheusMetric.system.
Started GET "/-/metrics" for 127.0.0.1 at 2021-09-18 13:32:16 +0000
Processing by MetricsController#index as HTML
Completed 200 OK in 6ms (Views: 0.4ms | ActiveRecord: 0.0ms | Elasticsearch: 0.0ms | Allocations: 1066)
Started GET "/-/metrics" for 127.0.0.1 at 2021-09-18 13:32:31 +0000
Processing by MetricsController#index as HTML
Completed 200 OK in 6ms (Views: 0.4ms | ActiveRecord: 0.0ms | Elasticsearch: 0.0ms | Allocations: 1064)
Creating scope :group_view_details. Overwriting existing method User.group_view_details.
Raven 3.1.2 configured not to capture errors: DSN not set
Creating scope :without_statuses. Overwriting existing method CommitStatus.without_statuses.
Creating scope :without_statuses. Overwriting existing method Ci::Pipeline.without_statuses.
Creating scope :in_pipelines. Overwriting existing method Ci::Build.in_pipelines.
Creating scope :of_projects. Overwriting existing method MergeRequest.of_projects.
Creating scope :join_project. Overwriting existing method MergeRequest.join_project.
Creating scope :references_project. Overwriting existing method MergeRequest.references_project.
Creating scope :system. Overwriting existing method Note.system.
Creating scope :closed. Overwriting existing method Iteration.closed.
Creating scope :within_timeframe. Overwriting existing method Iteration.within_timeframe.
Creating scope :opened. Overwriting existing method Epic.opened.
Creating scope :closed. Overwriting existing method Epic.closed.
Creating scope :order_created_desc. Overwriting existing method Packages::Package.order_created_desc.
Creating scope :order_name_desc. Overwriting existing method Packages::Package.order_name_desc.
Started GET "/-/metrics" for 127.0.0.1 at 2021-09-18 13:32:46 +0000
Processing by MetricsController#index as HTML
Completed 200 OK in 18ms (Views: 11.2ms | ActiveRecord: 2.0ms | Elasticsearch: 0.0ms | Allocations: 3730)
Started GET "/" for 178.27.17.153 at 2021-09-18 13:32:51 +0000
Started GET "/" for 178.27.17.153 at 2021-09-18 13:32:51 +0000
Processing by RootController#index as HTML
Processing by RootController#index as HTML
Redirected to http://gitlab.kolschnet.de/users/sign_in
Filter chain halted as :redirect_unlogged_user rendered or redirected
Completed 302 Found in 24ms (ActiveRecord: 4.5ms | Elasticsearch: 0.0ms | Allocations: 7890)
Redirected to http://gitlab.kolschnet.de/users/sign_in
Filter chain halted as :redirect_unlogged_user rendered or redirected
Completed 302 Found in 17ms (ActiveRecord: 0.0ms | Elasticsearch: 0.0ms | Allocations: 5585)
Started GET "/users/sign_in" for 178.27.17.153 at 2021-09-18 13:32:51 +0000
Processing by SessionsController#new as HTML
  Rendered layout layouts/devise.html.haml (Duration: 190.5ms | Allocations: 193453)
Completed 200 OK in 254ms (Views: 179.5ms | ActiveRecord: 38.5ms | Elasticsearch: 0.0ms | Allocations: 213318)
Started GET "/help" for 127.0.0.1 at 2021-09-18 13:32:57 +0000
Processing by HelpController#index as */*
  Rendered layout layouts/help.html.haml (Duration: 279.7ms | Allocations: 326165)
Completed 200 OK in 285ms (Views: 280.0ms | ActiveRecord: 1.6ms | Elasticsearch: 0.0ms | Allocations: 329164)
Started GET "/-/metrics" for 127.0.0.1 at 2021-09-18 13:33:01 +0000
Processing by MetricsController#index as HTML
Completed 200 OK in 9ms (Views: 1.7ms | ActiveRecord: 0.0ms | Elasticsearch: 0.0ms | Allocations: 1721)
Started GET "/-/metrics" for 127.0.0.1 at 2021-09-18 13:33:16 +0000
Processing by MetricsController#index as HTML
Completed 200 OK in 7ms (Views: 0.4ms | ActiveRecord: 0.0ms | Elasticsearch: 0.0ms | Allocations: 1122)
Started GET "/-/metrics" for 127.0.0.1 at 2021-09-18 13:33:31 +0000
Processing by MetricsController#index as HTML
Completed 200 OK in 7ms (Views: 0.4ms | ActiveRecord: 0.0ms | Elasticsearch: 0.0ms | Allocations: 1137)
Started GET "/-/metrics" for 127.0.0.1 at 2021-09-18 13:33:46 +0000
Processing by MetricsController#index as HTML
Completed 200 OK in 22ms (Views: 14.7ms | ActiveRecord: 4.1ms | Elasticsearch: 0.0ms | Allocations: 4691)
Started GET "/help" for 127.0.0.1 at 2021-09-18 13:33:57 +0000
Processing by HelpController#index as */*
  Rendered layout layouts/help.html.haml (Duration: 528.8ms | Allocations: 418635)
Completed 200 OK in 563ms (Views: 513.3ms | ActiveRecord: 18.5ms | Elasticsearch: 0.0ms | Allocations: 421795)
Started GET "/-/metrics" for 127.0.0.1 at 2021-09-18 13:34:01 +0000
Processing by MetricsController#index as HTML
Completed 200 OK in 7ms (Views: 0.3ms | ActiveRecord: 0.0ms | Elasticsearch: 0.0ms | Allocations: 1164)
Started GET "/-/metrics" for 127.0.0.1 at 2021-09-18 13:34:16 +0000
Processing by MetricsController#index as HTML
Completed 200 OK in 7ms (Views: 0.4ms | ActiveRecord: 0.0ms | Elasticsearch: 0.0ms | Allocations: 1151)
Started GET "/-/metrics" for 127.0.0.1 at 2021-09-18 13:34:31 +0000
Processing by MetricsController#index as HTML
Completed 200 OK in 7ms (Views: 0.4ms | ActiveRecord: 0.0ms | Elasticsearch: 0.0ms | Allocations: 1143)
Started GET "/-/metrics" for 127.0.0.1 at 2021-09-18 13:34:46 +0000
Processing by MetricsController#index as HTML
Completed 200 OK in 7ms (Views: 0.4ms | ActiveRecord: 0.0ms | Elasticsearch: 0.0ms | Allocations: 1152)
Started GET "/help" for 127.0.0.1 at 2021-09-18 13:34:58 +0000
Processing by HelpController#index as */*
  Rendered layout layouts/help.html.haml (Duration: 390.3ms | Allocations: 419090)
Completed 200 OK in 398ms (Views: 374.4ms | ActiveRecord: 18.0ms | Elasticsearch: 0.0ms | Allocations: 422249)
Started GET "/-/metrics" for 127.0.0.1 at 2021-09-18 13:35:01 +0000
Processing by MetricsController#index as HTML
Completed 200 OK in 7ms (Views: 0.4ms | ActiveRecord: 0.0ms | Elasticsearch: 0.0ms | Allocations: 1143)
Started GET "/-/metrics" for 127.0.0.1 at 2021-09-18 13:35:16 +0000
Processing by MetricsController#index as HTML
Completed 200 OK in 7ms (Views: 0.4ms | ActiveRecord: 0.0ms | Elasticsearch: 0.0ms | Allocations: 1152)
Started GET "/-/metrics" for 127.0.0.1 at 2021-09-18 13:35:31 +0000
Processing by MetricsController#index as HTML
Completed 200 OK in 7ms (Views: 0.4ms | ActiveRecord: 0.0ms | Elasticsearch: 0.0ms | Allocations: 1142)
Started GET "/users/sign_in" for 178.27.17.153 at 2021-09-18 13:35:38 +0000
Processing by SessionsController#new as HTML
  Rendered layout layouts/devise.html.haml (Duration: 79.8ms | Allocations: 99877)
Completed 200 OK in 136ms (Views: 84.0ms | ActiveRecord: 20.4ms | Elasticsearch: 0.0ms | Allocations: 117817)
Started GET "/-/metrics" for 127.0.0.1 at 2021-09-18 13:35:46 +0000
Processing by MetricsController#index as HTML
Completed 200 OK in 7ms (Views: 0.4ms | ActiveRecord: 0.0ms | Elasticsearch: 0.0ms | Allocations: 1142)
Started GET "/help" for 127.0.0.1 at 2021-09-18 13:35:58 +0000
Processing by HelpController#index as */*
  Rendered layout layouts/help.html.haml (Duration: 97.3ms | Allocations: 85267)
Completed 200 OK in 101ms (Views: 96.8ms | ActiveRecord: 1.1ms | Elasticsearch: 0.0ms | Allocations: 86961)
Started GET "/-/metrics" for 127.0.0.1 at 2021-09-18 13:36:01 +0000
Processing by MetricsController#index as HTML
Completed 200 OK in 7ms (Views: 0.4ms | ActiveRecord: 0.0ms | Elasticsearch: 0.0ms | Allocations: 1144)
Started GET "/-/metrics" for 127.0.0.1 at 2021-09-18 13:36:16 +0000
Processing by MetricsController#index as HTML
Completed 200 OK in 7ms (Views: 0.4ms | ActiveRecord: 0.0ms | Elasticsearch: 0.0ms | Allocations: 1142)
Started GET "/-/metrics" for 127.0.0.1 at 2021-09-18 13:36:31 +0000
Processing by MetricsController#index as HTML
Completed 200 OK in 7ms (Views: 0.4ms | ActiveRecord: 0.0ms | Elasticsearch: 0.0ms | Allocations: 1142)
Started GET "/-/metrics" for 127.0.0.1 at 2021-09-18 13:36:46 +0000
Processing by MetricsController#index as HTML
Completed 200 OK in 19ms (Views: 11.2ms | ActiveRecord: 2.0ms | Elasticsearch: 0.0ms | Allocations: 3817)
Started GET "/help" for 127.0.0.1 at 2021-09-18 13:36:59 +0000
Processing by HelpController#index as */*
  Rendered layout layouts/help.html.haml (Duration: 390.6ms | Allocations: 419146)
Completed 200 OK in 398ms (Views: 373.1ms | ActiveRecord: 19.5ms | Elasticsearch: 0.0ms | Allocations: 422304)
Started GET "/-/metrics" for 127.0.0.1 at 2021-09-18 13:37:01 +0000
Processing by MetricsController#index as HTML
Completed 200 OK in 9ms (Views: 0.5ms | ActiveRecord: 0.0ms | Elasticsearch: 0.0ms | Allocations: 1172)
Started GET "/-/metrics" for 127.0.0.1 at 2021-09-18 13:37:16 +0000
Processing by MetricsController#index as HTML
Completed 200 OK in 7ms (Views: 0.3ms | ActiveRecord: 0.0ms | Elasticsearch: 0.0ms | Allocations: 1171)
Started GET "/-/metrics" for 127.0.0.1 at 2021-09-18 13:37:31 +0000
Processing by MetricsController#index as HTML
Completed 200 OK in 7ms (Views: 0.3ms | ActiveRecord: 0.0ms | Elasticsearch: 0.0ms | Allocations: 1172)
Started GET "/-/metrics" for 127.0.0.1 at 2021-09-18 13:37:46 +0000
Processing by MetricsController#index as HTML
Completed 200 OK in 7ms (Views: 0.3ms | Elasticsearch: 0.0ms | Allocations: 1171)
Started GET "/help" for 127.0.0.1 at 2021-09-18 13:37:59 +0000
Processing by HelpController#index as */*
  Rendered layout layouts/help.html.haml (Duration: 73.6ms | Allocations: 85278)
Completed 200 OK in 77ms (Views: 73.5ms | ActiveRecord: 0.8ms | Elasticsearch: 0.0ms | Allocations: 86965)
Started GET "/-/metrics" for 127.0.0.1 at 2021-09-18 13:38:01 +0000
Processing by MetricsController#index as HTML
Completed 200 OK in 7ms (Views: 0.3ms | Elasticsearch: 0.0ms | Allocations: 1171)
